[INFO  - 2018-10-29T08:36:19.903Z] GhostDriver - Main - running on port 55855
[INFO  - 2018-10-29T08:36:20.684Z] Session [b5fcd930-db55-11e8-baab-974e00dc6ae1] - page.settings - {"XSSAuditingEnabled":false,"javascriptCanCloseWindows":true,"javascriptCanOpenWindows":true,"javascriptEnabled":true,"loadImages":true,"localToRemoteUrlAccessEnabled":false,"userAgent":"Mozilla/5.0 (Windows NT 6.2; WOW64) AppleWebKit/538.1 (KHTML, like Gecko) PhantomJS/2.1.1 Safari/538.1","webSecurityEnabled":true}
[INFO  - 2018-10-29T08:36:20.685Z] Session [b5fcd930-db55-11e8-baab-974e00dc6ae1] - page.customHeaders:  - {}
[INFO  - 2018-10-29T08:36:20.685Z] Session [b5fcd930-db55-11e8-baab-974e00dc6ae1] - Session.negotiatedCapabilities - {"browserName":"phantomjs","version":"2.1.1","driverName":"ghostdriver","driverVersion":"1.2.0","platform":"windows-10-32bit","javascriptEnabled":true,"takesScreenshot":true,"handlesAlerts":false,"databaseEnabled":false,"locationContextEnabled":false,"applicationCacheEnabled":false,"browserConnectionEnabled":false,"cssSelectorsEnabled":true,"webStorageEnabled":false,"rotatable":false,"acceptSslCerts":false,"nativeEvents":true,"proxy":{"proxyType":"direct"}}
[INFO  - 2018-10-29T08:36:20.686Z] SessionManagerReqHand - _postNewSessionCommand - New Session Created: b5fcd930-db55-11e8-baab-974e00dc6ae1
[INFO  - 2018-10-29T08:37:47.182Z] GhostDriver - Main - running on port 10788
[INFO  - 2018-10-29T08:37:47.780Z] Session [e9e6cbc0-db55-11e8-a1d6-931e13d63400] - page.settings - {"XSSAuditingEnabled":false,"javascriptCanCloseWindows":true,"javascriptCanOpenWindows":true,"javascriptEnabled":true,"loadImages":true,"localToRemoteUrlAccessEnabled":false,"userAgent":"Mozilla/5.0 (Windows NT 6.2; WOW64) AppleWebKit/538.1 (KHTML, like Gecko) PhantomJS/2.1.1 Safari/538.1","webSecurityEnabled":true}
[INFO  - 2018-10-29T08:37:47.781Z] Session [e9e6cbc0-db55-11e8-a1d6-931e13d63400] - page.customHeaders:  - {}
[INFO  - 2018-10-29T08:37:47.781Z] Session [e9e6cbc0-db55-11e8-a1d6-931e13d63400] - Session.negotiatedCapabilities - {"browserName":"phantomjs","version":"2.1.1","driverName":"ghostdriver","driverVersion":"1.2.0","platform":"windows-10-32bit","javascriptEnabled":true,"takesScreenshot":true,"handlesAlerts":false,"databaseEnabled":false,"locationContextEnabled":false,"applicationCacheEnabled":false,"browserConnectionEnabled":false,"cssSelectorsEnabled":true,"webStorageEnabled":false,"rotatable":false,"acceptSslCerts":false,"nativeEvents":true,"proxy":{"proxyType":"direct"}}
[INFO  - 2018-10-29T08:37:47.781Z] SessionManagerReqHand - _postNewSessionCommand - New Session Created: e9e6cbc0-db55-11e8-a1d6-931e13d63400
[INFO  - 2018-10-29T08:40:16.293Z] GhostDriver - Main - running on port 6496
[INFO  - 2018-10-29T08:40:17.016Z] Session [42da3ff0-db56-11e8-b7dc-fb79d1d20c5c] - page.settings - {"XSSAuditingEnabled":false,"javascriptCanCloseWindows":true,"javascriptCanOpenWindows":true,"javascriptEnabled":true,"loadImages":true,"localToRemoteUrlAccessEnabled":false,"userAgent":"Mozilla/5.0 (Windows NT 6.2; WOW64) AppleWebKit/538.1 (KHTML, like Gecko) PhantomJS/2.1.1 Safari/538.1","webSecurityEnabled":true}
[INFO  - 2018-10-29T08:40:17.016Z] Session [42da3ff0-db56-11e8-b7dc-fb79d1d20c5c] - page.customHeaders:  - {}
[INFO  - 2018-10-29T08:40:17.016Z] Session [42da3ff0-db56-11e8-b7dc-fb79d1d20c5c] - Session.negotiatedCapabilities - {"browserName":"phantomjs","version":"2.1.1","driverName":"ghostdriver","driverVersion":"1.2.0","platform":"windows-10-32bit","javascriptEnabled":true,"takesScreenshot":true,"handlesAlerts":false,"databaseEnabled":false,"locationContextEnabled":false,"applicationCacheEnabled":false,"browserConnectionEnabled":false,"cssSelectorsEnabled":true,"webStorageEnabled":false,"rotatable":false,"acceptSslCerts":false,"nativeEvents":true,"proxy":{"proxyType":"direct"}}
[INFO  - 2018-10-29T08:40:17.017Z] SessionManagerReqHand - _postNewSessionCommand - New Session Created: 42da3ff0-db56-11e8-b7dc-fb79d1d20c5c
[INFO  - 2018-10-29T08:41:01.846Z] GhostDriver - Main - running on port 11346
[INFO  - 2018-10-29T08:41:02.683Z] Session [5e127b20-db56-11e8-8670-c522b1755572] - page.settings - {"XSSAuditingEnabled":false,"javascriptCanCloseWindows":true,"javascriptCanOpenWindows":true,"javascriptEnabled":true,"loadImages":true,"localToRemoteUrlAccessEnabled":false,"userAgent":"Mozilla/5.0 (Windows NT 6.2; WOW64) AppleWebKit/538.1 (KHTML, like Gecko) PhantomJS/2.1.1 Safari/538.1","webSecurityEnabled":true}
[INFO  - 2018-10-29T08:41:02.684Z] Session [5e127b20-db56-11e8-8670-c522b1755572] - page.customHeaders:  - {}
[INFO  - 2018-10-29T08:41:02.684Z] Session [5e127b20-db56-11e8-8670-c522b1755572] - Session.negotiatedCapabilities - {"browserName":"phantomjs","version":"2.1.1","driverName":"ghostdriver","driverVersion":"1.2.0","platform":"windows-10-32bit","javascriptEnabled":true,"takesScreenshot":true,"handlesAlerts":false,"databaseEnabled":false,"locationContextEnabled":false,"applicationCacheEnabled":false,"browserConnectionEnabled":false,"cssSelectorsEnabled":true,"webStorageEnabled":false,"rotatable":false,"acceptSslCerts":false,"nativeEvents":true,"proxy":{"proxyType":"direct"}}
[INFO  - 2018-10-29T08:41:02.684Z] SessionManagerReqHand - _postNewSessionCommand - New Session Created: 5e127b20-db56-11e8-8670-c522b1755572
[INFO  - 2018-10-29T08:46:09.469Z] GhostDriver - Main - running on port 27148
[INFO  - 2018-10-29T08:46:10.228Z] Session [15621fb0-db57-11e8-8d03-e1ee3970eb42] - page.settings - {"XSSAuditingEnabled":false,"javascriptCanCloseWindows":true,"javascriptCanOpenWindows":true,"javascriptEnabled":true,"loadImages":true,"localToRemoteUrlAccessEnabled":false,"userAgent":"Mozilla/5.0 (Windows NT 6.2; WOW64) AppleWebKit/538.1 (KHTML, like Gecko) PhantomJS/2.1.1 Safari/538.1","webSecurityEnabled":true}
[INFO  - 2018-10-29T08:46:10.228Z] Session [15621fb0-db57-11e8-8d03-e1ee3970eb42] - page.customHeaders:  - {}
[INFO  - 2018-10-29T08:46:10.229Z] Session [15621fb0-db57-11e8-8d03-e1ee3970eb42] - Session.negotiatedCapabilities - {"browserName":"phantomjs","version":"2.1.1","driverName":"ghostdriver","driverVersion":"1.2.0","platform":"windows-10-32bit","javascriptEnabled":true,"takesScreenshot":true,"handlesAlerts":false,"databaseEnabled":false,"locationContextEnabled":false,"applicationCacheEnabled":false,"browserConnectionEnabled":false,"cssSelectorsEnabled":true,"webStorageEnabled":false,"rotatable":false,"acceptSslCerts":false,"nativeEvents":true,"proxy":{"proxyType":"direct"}}
[INFO  - 2018-10-29T08:46:10.229Z] SessionManagerReqHand - _postNewSessionCommand - New Session Created: 15621fb0-db57-11e8-8d03-e1ee3970eb42
[INFO  - 2018-10-29T08:50:21.571Z] GhostDriver - Main - running on port 44906
[INFO  - 2018-10-29T08:50:22.235Z] Session [ab977e30-db57-11e8-84c5-c706219f3fdd] - page.settings - {"XSSAuditingEnabled":false,"javascriptCanCloseWindows":true,"javascriptCanOpenWindows":true,"javascriptEnabled":true,"loadImages":true,"localToRemoteUrlAccessEnabled":false,"userAgent":"Mozilla/5.0 (Windows NT 6.2; WOW64) AppleWebKit/538.1 (KHTML, like Gecko) PhantomJS/2.1.1 Safari/538.1","webSecurityEnabled":true}
[INFO  - 2018-10-29T08:50:22.235Z] Session [ab977e30-db57-11e8-84c5-c706219f3fdd] - page.customHeaders:  - {}
[INFO  - 2018-10-29T08:50:22.236Z] Session [ab977e30-db57-11e8-84c5-c706219f3fdd] - Session.negotiatedCapabilities - {"browserName":"phantomjs","version":"2.1.1","driverName":"ghostdriver","driverVersion":"1.2.0","platform":"windows-10-32bit","javascriptEnabled":true,"takesScreenshot":true,"handlesAlerts":false,"databaseEnabled":false,"locationContextEnabled":false,"applicationCacheEnabled":false,"browserConnectionEnabled":false,"cssSelectorsEnabled":true,"webStorageEnabled":false,"rotatable":false,"acceptSslCerts":false,"nativeEvents":true,"proxy":{"proxyType":"direct"}}
[INFO  - 2018-10-29T08:50:22.236Z] SessionManagerReqHand - _postNewSessionCommand - New Session Created: ab977e30-db57-11e8-84c5-c706219f3fdd
[ERROR - 2018-10-29T08:50:39.287Z] WebElementLocator - _handleLocateCommand - Element(s) NOT Found: GAVE UP. Search Stop Time: 1540803038228
[INFO  - 2018-10-29T08:55:33.636Z] GhostDriver - Main - running on port 31190
[INFO  - 2018-10-29T08:55:34.548Z] Session [65be1080-db58-11e8-b2b6-d1d50b22c94b] - page.settings - {"XSSAuditingEnabled":false,"javascriptCanCloseWindows":true,"javascriptCanOpenWindows":true,"javascriptEnabled":true,"loadImages":true,"localToRemoteUrlAccessEnabled":false,"userAgent":"Mozilla/5.0 (Windows NT 6.2; WOW64) AppleWebKit/538.1 (KHTML, like Gecko) PhantomJS/2.1.1 Safari/538.1","webSecurityEnabled":true}
[INFO  - 2018-10-29T08:55:34.548Z] Session [65be1080-db58-11e8-b2b6-d1d50b22c94b] - page.customHeaders:  - {}
[INFO  - 2018-10-29T08:55:34.548Z] Session [65be1080-db58-11e8-b2b6-d1d50b22c94b] - Session.negotiatedCapabilities - {"browserName":"phantomjs","version":"2.1.1","driverName":"ghostdriver","driverVersion":"1.2.0","platform":"windows-10-32bit","javascriptEnabled":true,"takesScreenshot":true,"handlesAlerts":false,"databaseEnabled":false,"locationContextEnabled":false,"applicationCacheEnabled":false,"browserConnectionEnabled":false,"cssSelectorsEnabled":true,"webStorageEnabled":false,"rotatable":false,"acceptSslCerts":false,"nativeEvents":true,"proxy":{"proxyType":"direct"}}
[INFO  - 2018-10-29T08:55:34.549Z] SessionManagerReqHand - _postNewSessionCommand - New Session Created: 65be1080-db58-11e8-b2b6-d1d50b22c94b
[INFO  - 2018-10-29T08:56:22.577Z] GhostDriver - Main - running on port 28117
[INFO  - 2018-10-29T08:56:23.372Z] Session [82d91570-db58-11e8-be5a-917859e38c3a] - page.settings - {"XSSAuditingEnabled":false,"javascriptCanCloseWindows":true,"javascriptCanOpenWindows":true,"javascriptEnabled":true,"loadImages":true,"localToRemoteUrlAccessEnabled":false,"userAgent":"Mozilla/5.0 (Windows NT 6.2; WOW64) AppleWebKit/538.1 (KHTML, like Gecko) PhantomJS/2.1.1 Safari/538.1","webSecurityEnabled":true}
[INFO  - 2018-10-29T08:56:23.372Z] Session [82d91570-db58-11e8-be5a-917859e38c3a] - page.customHeaders:  - {}
[INFO  - 2018-10-29T08:56:23.372Z] Session [82d91570-db58-11e8-be5a-917859e38c3a] - Session.negotiatedCapabilities - {"browserName":"phantomjs","version":"2.1.1","driverName":"ghostdriver","driverVersion":"1.2.0","platform":"windows-10-32bit","javascriptEnabled":true,"takesScreenshot":true,"handlesAlerts":false,"databaseEnabled":false,"locationContextEnabled":false,"applicationCacheEnabled":false,"browserConnectionEnabled":false,"cssSelectorsEnabled":true,"webStorageEnabled":false,"rotatable":false,"acceptSslCerts":false,"nativeEvents":true,"proxy":{"proxyType":"direct"}}
[INFO  - 2018-10-29T08:56:23.372Z] SessionManagerReqHand - _postNewSessionCommand - New Session Created: 82d91570-db58-11e8-be5a-917859e38c3a
[INFO  - 2018-10-29T08:58:57.128Z] GhostDriver - Main - running on port 13542
[INFO  - 2018-10-29T08:58:58.002Z] Session [df032390-db58-11e8-bc4b-c52c787c19be] - page.settings - {"XSSAuditingEnabled":false,"javascriptCanCloseWindows":true,"javascriptCanOpenWindows":true,"javascriptEnabled":true,"loadImages":true,"localToRemoteUrlAccessEnabled":false,"userAgent":"Mozilla/5.0 (Windows NT 6.2; WOW64) AppleWebKit/538.1 (KHTML, like Gecko) PhantomJS/2.1.1 Safari/538.1","webSecurityEnabled":true}
[INFO  - 2018-10-29T08:58:58.002Z] Session [df032390-db58-11e8-bc4b-c52c787c19be] - page.customHeaders:  - {}
[INFO  - 2018-10-29T08:58:58.002Z] Session [df032390-db58-11e8-bc4b-c52c787c19be] - Session.negotiatedCapabilities - {"browserName":"phantomjs","version":"2.1.1","driverName":"ghostdriver","driverVersion":"1.2.0","platform":"windows-10-32bit","javascriptEnabled":true,"takesScreenshot":true,"handlesAlerts":false,"databaseEnabled":false,"locationContextEnabled":false,"applicationCacheEnabled":false,"browserConnectionEnabled":false,"cssSelectorsEnabled":true,"webStorageEnabled":false,"rotatable":false,"acceptSslCerts":false,"nativeEvents":true,"proxy":{"proxyType":"direct"}}
[INFO  - 2018-10-29T08:58:58.003Z] SessionManagerReqHand - _postNewSessionCommand - New Session Created: df032390-db58-11e8-bc4b-c52c787c19be
[INFO  - 2018-10-29T09:03:57.113Z] SessionManagerReqHand - _cleanupWindowlessSessions - Asynchronous Sessions clean-up phase starting NOW
[INFO  - 2018-10-29T09:04:44.990Z] GhostDriver - Main - running on port 51753
[INFO  - 2018-10-29T09:04:45.766Z] Session [ae4c7a20-db59-11e8-90d6-9dd22fc15354] - page.settings - {"XSSAuditingEnabled":false,"javascriptCanCloseWindows":true,"javascriptCanOpenWindows":true,"javascriptEnabled":true,"loadImages":true,"localToRemoteUrlAccessEnabled":false,"userAgent":"Mozilla/5.0 (Windows NT 6.2; WOW64) AppleWebKit/538.1 (KHTML, like Gecko) PhantomJS/2.1.1 Safari/538.1","webSecurityEnabled":true}
[INFO  - 2018-10-29T09:04:45.767Z] Session [ae4c7a20-db59-11e8-90d6-9dd22fc15354] - page.customHeaders:  - {}
[INFO  - 2018-10-29T09:04:45.767Z] Session [ae4c7a20-db59-11e8-90d6-9dd22fc15354] - Session.negotiatedCapabilities - {"browserName":"phantomjs","version":"2.1.1","driverName":"ghostdriver","driverVersion":"1.2.0","platform":"windows-10-32bit","javascriptEnabled":true,"takesScreenshot":true,"handlesAlerts":false,"databaseEnabled":false,"locationContextEnabled":false,"applicationCacheEnabled":false,"browserConnectionEnabled":false,"cssSelectorsEnabled":true,"webStorageEnabled":false,"rotatable":false,"acceptSslCerts":false,"nativeEvents":true,"proxy":{"proxyType":"direct"}}
[INFO  - 2018-10-29T09:04:45.767Z] SessionManagerReqHand - _postNewSessionCommand - New Session Created: ae4c7a20-db59-11e8-90d6-9dd22fc15354
[INFO  - 2018-10-29T09:05:48.182Z] GhostDriver - Main - running on port 35706
[INFO  - 2018-10-29T09:05:49.038Z] Session [d4024150-db59-11e8-be6f-e54b71deb289] - page.settings - {"XSSAuditingEnabled":false,"javascriptCanCloseWindows":true,"javascriptCanOpenWindows":true,"javascriptEnabled":true,"loadImages":true,"localToRemoteUrlAccessEnabled":false,"userAgent":"Mozilla/5.0 (Windows NT 6.2; WOW64) AppleWebKit/538.1 (KHTML, like Gecko) PhantomJS/2.1.1 Safari/538.1","webSecurityEnabled":true}
[INFO  - 2018-10-29T09:05:49.038Z] Session [d4024150-db59-11e8-be6f-e54b71deb289] - page.customHeaders:  - {}
[INFO  - 2018-10-29T09:05:49.039Z] Session [d4024150-db59-11e8-be6f-e54b71deb289] - Session.negotiatedCapabilities - {"browserName":"phantomjs","version":"2.1.1","driverName":"ghostdriver","driverVersion":"1.2.0","platform":"windows-10-32bit","javascriptEnabled":true,"takesScreenshot":true,"handlesAlerts":false,"databaseEnabled":false,"locationContextEnabled":false,"applicationCacheEnabled":false,"browserConnectionEnabled":false,"cssSelectorsEnabled":true,"webStorageEnabled":false,"rotatable":false,"acceptSslCerts":false,"nativeEvents":true,"proxy":{"proxyType":"direct"}}
[INFO  - 2018-10-29T09:05:49.039Z] SessionManagerReqHand - _postNewSessionCommand - New Session Created: d4024150-db59-11e8-be6f-e54b71deb289
[INFO  - 2018-10-29T09:12:22.274Z] GhostDriver - Main - running on port 29396
[INFO  - 2018-10-29T09:12:23.151Z] Session [beeb2060-db5a-11e8-adaa-a3494f4e95d2] - page.settings - {"XSSAuditingEnabled":false,"javascriptCanCloseWindows":true,"javascriptCanOpenWindows":true,"javascriptEnabled":true,"loadImages":true,"localToRemoteUrlAccessEnabled":false,"userAgent":"Mozilla/5.0 (Windows NT 6.3; Win64; x64; rv:50.0) Gecko/20100101 Firefox/50.0","webSecurityEnabled":true}
[INFO  - 2018-10-29T09:12:23.152Z] Session [beeb2060-db5a-11e8-adaa-a3494f4e95d2] - page.customHeaders:  - {"User-Agent":"Mozilla/5.0 (Windows NT 6.3; Win64; x64; rv:50.0) Gecko/20100101 Firefox/50.0"}
[INFO  - 2018-10-29T09:12:23.152Z] Session [beeb2060-db5a-11e8-adaa-a3494f4e95d2] - Session.negotiatedCapabilities - {"browserName":"phantomjs","version":"2.1.1","driverName":"ghostdriver","driverVersion":"1.2.0","platform":"windows-10-32bit","javascriptEnabled":true,"takesScreenshot":true,"handlesAlerts":false,"databaseEnabled":false,"locationContextEnabled":false,"applicationCacheEnabled":false,"browserConnectionEnabled":false,"cssSelectorsEnabled":true,"webStorageEnabled":false,"rotatable":false,"acceptSslCerts":false,"nativeEvents":true,"proxy":{"proxyType":"direct"},"phantomjs.page.settings.userAgent":"Mozilla/5.0 (Windows NT 6.3; Win64; x64; rv:50.0) Gecko/20100101 Firefox/50.0","phantomjs.page.customHeaders.User-Agent":"Mozilla/5.0 (Windows NT 6.3; Win64; x64; rv:50.0) Gecko/20100101 Firefox/50.0"}
[INFO  - 2018-10-29T09:12:23.152Z] SessionManagerReqHand - _postNewSessionCommand - New Session Created: beeb2060-db5a-11e8-adaa-a3494f4e95d2
[INFO  - 2018-10-29T09:13:29.509Z] GhostDriver - Main - running on port 28694
[INFO  - 2018-10-29T09:13:30.276Z] Session [e6ed4890-db5a-11e8-a826-cdb94138f9d6] - page.settings - {"XSSAuditingEnabled":false,"javascriptCanCloseWindows":true,"javascriptCanOpenWindows":true,"javascriptEnabled":true,"loadImages":true,"localToRemoteUrlAccessEnabled":false,"userAgent":"Mozilla/5.0 (Windows NT 6.3; Win64; x64; rv:50.0) Gecko/20100101 Firefox/50.0","webSecurityEnabled":true}
[INFO  - 2018-10-29T09:13:30.276Z] Session [e6ed4890-db5a-11e8-a826-cdb94138f9d6] - page.customHeaders:  - {"User-Agent":"Mozilla/5.0 (Windows NT 6.3; Win64; x64; rv:50.0) Gecko/20100101 Firefox/50.0"}
[INFO  - 2018-10-29T09:13:30.276Z] Session [e6ed4890-db5a-11e8-a826-cdb94138f9d6] - Session.negotiatedCapabilities - {"browserName":"phantomjs","version":"2.1.1","driverName":"ghostdriver","driverVersion":"1.2.0","platform":"windows-10-32bit","javascriptEnabled":true,"takesScreenshot":true,"handlesAlerts":false,"databaseEnabled":false,"locationContextEnabled":false,"applicationCacheEnabled":false,"browserConnectionEnabled":false,"cssSelectorsEnabled":true,"webStorageEnabled":false,"rotatable":false,"acceptSslCerts":false,"nativeEvents":true,"proxy":{"proxyType":"direct"},"phantomjs.page.settings.userAgent":"Mozilla/5.0 (Windows NT 6.3; Win64; x64; rv:50.0) Gecko/20100101 Firefox/50.0","phantomjs.page.customHeaders.User-Agent":"Mozilla/5.0 (Windows NT 6.3; Win64; x64; rv:50.0) Gecko/20100101 Firefox/50.0"}
[INFO  - 2018-10-29T09:13:30.276Z] SessionManagerReqHand - _postNewSessionCommand - New Session Created: e6ed4890-db5a-11e8-a826-cdb94138f9d6
[INFO  - 2018-10-29T09:17:28.498Z] GhostDriver - Main - running on port 40704
[INFO  - 2018-10-29T09:17:29.263Z] Session [75601c60-db5b-11e8-9677-654218f08fac] - page.settings - {"XSSAuditingEnabled":false,"javascriptCanCloseWindows":true,"javascriptCanOpenWindows":true,"javascriptEnabled":true,"loadImages":true,"localToRemoteUrlAccessEnabled":false,"userAgent":"Chrome/66.0.3359.181","webSecurityEnabled":true}
[INFO  - 2018-10-29T09:17:29.263Z] Session [75601c60-db5b-11e8-9677-654218f08fac] - page.customHeaders:  - {"User-Agent":"Chrome/66.0.3359.181"}
[INFO  - 2018-10-29T09:17:29.263Z] Session [75601c60-db5b-11e8-9677-654218f08fac] - Session.negotiatedCapabilities - {"browserName":"phantomjs","version":"2.1.1","driverName":"ghostdriver","driverVersion":"1.2.0","platform":"windows-10-32bit","javascriptEnabled":true,"takesScreenshot":true,"handlesAlerts":false,"databaseEnabled":false,"locationContextEnabled":false,"applicationCacheEnabled":false,"browserConnectionEnabled":false,"cssSelectorsEnabled":true,"webStorageEnabled":false,"rotatable":false,"acceptSslCerts":false,"nativeEvents":true,"proxy":{"proxyType":"direct"},"phantomjs.page.settings.userAgent":"Chrome/66.0.3359.181","phantomjs.page.customHeaders.User-Agent":"Chrome/66.0.3359.181"}
[INFO  - 2018-10-29T09:17:29.263Z] SessionManagerReqHand - _postNewSessionCommand - New Session Created: 75601c60-db5b-11e8-9677-654218f08fac
[INFO  - 2018-10-29T09:18:41.499Z] GhostDriver - Main - running on port 25142
[INFO  - 2018-10-29T09:18:42.358Z] Session [a0f110a0-db5b-11e8-9fbe-2b6b1b14aeb8] - page.settings - {"XSSAuditingEnabled":false,"javascriptCanCloseWindows":true,"javascriptCanOpenWindows":true,"javascriptEnabled":true,"loadImages":true,"localToRemoteUrlAccessEnabled":false,"userAgent":"Chrome/66.0.3359.181","webSecurityEnabled":true}
[INFO  - 2018-10-29T09:18:42.359Z] Session [a0f110a0-db5b-11e8-9fbe-2b6b1b14aeb8] - page.customHeaders:  - {"User-Agent":"Chrome/66.0.3359.181"}
[INFO  - 2018-10-29T09:18:42.359Z] Session [a0f110a0-db5b-11e8-9fbe-2b6b1b14aeb8] - Session.negotiatedCapabilities - {"browserName":"phantomjs","version":"2.1.1","driverName":"ghostdriver","driverVersion":"1.2.0","platform":"windows-10-32bit","javascriptEnabled":true,"takesScreenshot":true,"handlesAlerts":false,"databaseEnabled":false,"locationContextEnabled":false,"applicationCacheEnabled":false,"browserConnectionEnabled":false,"cssSelectorsEnabled":true,"webStorageEnabled":false,"rotatable":false,"acceptSslCerts":false,"nativeEvents":true,"proxy":{"proxyType":"direct"},"phantomjs.page.settings.userAgent":"Chrome/66.0.3359.181","phantomjs.page.customHeaders.User-Agent":"Chrome/66.0.3359.181"}
[INFO  - 2018-10-29T09:18:42.359Z] SessionManagerReqHand - _postNewSessionCommand - New Session Created: a0f110a0-db5b-11e8-9fbe-2b6b1b14aeb8
[INFO  - 2018-10-29T09:20:38.418Z] GhostDriver - Main - running on port 51799
[INFO  - 2018-10-29T09:20:39.270Z] Session [e6a0e0d0-db5b-11e8-84eb-675790e276c9] - page.settings - {"XSSAuditingEnabled":false,"javascriptCanCloseWindows":true,"javascriptCanOpenWindows":true,"javascriptEnabled":true,"loadImages":true,"localToRemoteUrlAccessEnabled":false,"userAgent":"Chrome/66.0.3359.181","webSecurityEnabled":true}
[INFO  - 2018-10-29T09:20:39.270Z] Session [e6a0e0d0-db5b-11e8-84eb-675790e276c9] - page.customHeaders:  - {"User-Agent":"Chrome/66.0.3359.181"}
[INFO  - 2018-10-29T09:20:39.270Z] Session [e6a0e0d0-db5b-11e8-84eb-675790e276c9] - Session.negotiatedCapabilities - {"browserName":"phantomjs","version":"2.1.1","driverName":"ghostdriver","driverVersion":"1.2.0","platform":"windows-10-32bit","javascriptEnabled":true,"takesScreenshot":true,"handlesAlerts":false,"databaseEnabled":false,"locationContextEnabled":false,"applicationCacheEnabled":false,"browserConnectionEnabled":false,"cssSelectorsEnabled":true,"webStorageEnabled":false,"rotatable":false,"acceptSslCerts":false,"nativeEvents":true,"proxy":{"proxyType":"direct"},"phantomjs.page.settings.userAgent":"Chrome/66.0.3359.181","phantomjs.page.customHeaders.User-Agent":"Chrome/66.0.3359.181"}
[INFO  - 2018-10-29T09:20:39.270Z] SessionManagerReqHand - _postNewSessionCommand - New Session Created: e6a0e0d0-db5b-11e8-84eb-675790e276c9
[INFO  - 2018-10-29T09:22:26.389Z] GhostDriver - Main - running on port 25617
[INFO  - 2018-10-29T09:22:27.204Z] Session [26f64cb0-db5c-11e8-abe5-ed346b7fa0ce] - page.settings - {"XSSAuditingEnabled":false,"javascriptCanCloseWindows":true,"javascriptCanOpenWindows":true,"javascriptEnabled":true,"loadImages":true,"localToRemoteUrlAccessEnabled":false,"userAgent":"Mozilla/5.0 (Linux; U; Android 4.3; en-us; SM-N900T Build/JSS15J) AppleWebKit/534.30 (KHTML, like Gecko) Version/4.0 Mobile Safari/534.30","webSecurityEnabled":true}
[INFO  - 2018-10-29T09:22:27.204Z] Session [26f64cb0-db5c-11e8-abe5-ed346b7fa0ce] - page.customHeaders:  - {"User-Agent":"Mozilla/5.0 (Linux; U; Android 4.3; en-us; SM-N900T Build/JSS15J) AppleWebKit/534.30 (KHTML, like Gecko) Version/4.0 Mobile Safari/534.30"}
[INFO  - 2018-10-29T09:22:27.204Z] Session [26f64cb0-db5c-11e8-abe5-ed346b7fa0ce] - Session.negotiatedCapabilities - {"browserName":"phantomjs","version":"2.1.1","driverName":"ghostdriver","driverVersion":"1.2.0","platform":"windows-10-32bit","javascriptEnabled":true,"takesScreenshot":true,"handlesAlerts":false,"databaseEnabled":false,"locationContextEnabled":false,"applicationCacheEnabled":false,"browserConnectionEnabled":false,"cssSelectorsEnabled":true,"webStorageEnabled":false,"rotatable":false,"acceptSslCerts":false,"nativeEvents":true,"proxy":{"proxyType":"direct"},"phantomjs.page.settings.userAgent":"Mozilla/5.0 (Linux; U; Android 4.3; en-us; SM-N900T Build/JSS15J) AppleWebKit/534.30 (KHTML, like Gecko) Version/4.0 Mobile Safari/534.30","phantomjs.page.customHeaders.User-Agent":"Mozilla/5.0 (Linux; U; Android 4.3; en-us; SM-N900T Build/JSS15J) AppleWebKit/534.30 (KHTML, like Gecko) Version/4.0 Mobile Safari/534.30"}
[INFO  - 2018-10-29T09:22:27.205Z] SessionManagerReqHand - _postNewSessionCommand - New Session Created: 26f64cb0-db5c-11e8-abe5-ed346b7fa0ce
[ERROR - 2018-10-29T09:22:33.302Z] WebElementLocator - _handleLocateCommand - Element(s) NOT Found: GAVE UP. Search Stop Time: 1540804953288
[INFO  - 2018-10-29T09:23:34.682Z] GhostDriver - Main - running on port 60421
[INFO  - 2018-10-29T09:23:35.535Z] Session [4fb0c860-db5c-11e8-a9e0-2f08526c4153] - page.settings - {"XSSAuditingEnabled":false,"javascriptCanCloseWindows":true,"javascriptCanOpenWindows":true,"javascriptEnabled":true,"loadImages":true,"localToRemoteUrlAccessEnabled":false,"userAgent":"Mozilla/5.0 (Linux; U; Android 4.3; en-us; SM-N900T Build/JSS15J) AppleWebKit/534.30 (KHTML, like Gecko) Version/4.0 Mobile Safari/534.30","webSecurityEnabled":true}
[INFO  - 2018-10-29T09:23:35.535Z] Session [4fb0c860-db5c-11e8-a9e0-2f08526c4153] - page.customHeaders:  - {"User-Agent":"Mozilla/5.0 (Linux; U; Android 4.3; en-us; SM-N900T Build/JSS15J) AppleWebKit/534.30 (KHTML, like Gecko) Version/4.0 Mobile Safari/534.30"}
[INFO  - 2018-10-29T09:23:35.536Z] Session [4fb0c860-db5c-11e8-a9e0-2f08526c4153] - Session.negotiatedCapabilities - {"browserName":"phantomjs","version":"2.1.1","driverName":"ghostdriver","driverVersion":"1.2.0","platform":"windows-10-32bit","javascriptEnabled":true,"takesScreenshot":true,"handlesAlerts":false,"databaseEnabled":false,"locationContextEnabled":false,"applicationCacheEnabled":false,"browserConnectionEnabled":false,"cssSelectorsEnabled":true,"webStorageEnabled":false,"rotatable":false,"acceptSslCerts":false,"nativeEvents":true,"proxy":{"proxyType":"direct"},"phantomjs.page.settings.userAgent":"Mozilla/5.0 (Linux; U; Android 4.3; en-us; SM-N900T Build/JSS15J) AppleWebKit/534.30 (KHTML, like Gecko) Version/4.0 Mobile Safari/534.30","phantomjs.page.customHeaders.User-Agent":"Mozilla/5.0 (Linux; U; Android 4.3; en-us; SM-N900T Build/JSS15J) AppleWebKit/534.30 (KHTML, like Gecko) Version/4.0 Mobile Safari/534.30"}
[INFO  - 2018-10-29T09:23:35.536Z] SessionManagerReqHand - _postNewSessionCommand - New Session Created: 4fb0c860-db5c-11e8-a9e0-2f08526c4153
[ERROR - 2018-10-29T09:23:44.986Z] WebElementLocator - _handleLocateCommand - Element(s) NOT Found: GAVE UP. Search Stop Time: 1540805024955
[INFO  - 2018-10-29T09:25:04.019Z] GhostDriver - Main - running on port 14217
[INFO  - 2018-10-29T09:25:04.832Z] Session [84ea4560-db5c-11e8-913e-81523046cfad] - page.settings - {"XSSAuditingEnabled":true,"javascriptCanCloseWindows":true,"javascriptCanOpenWindows":true,"javascriptEnabled":true,"loadImages":false,"localToRemoteUrlAccessEnabled":true,"userAgent":"Mozilla/5.0 (Windows NT 6.2; WOW64) AppleWebKit/538.1 (KHTML, like Gecko) PhantomJS/2.1.1 Safari/538.1","webSecurityEnabled":false}
[INFO  - 2018-10-29T09:25:04.832Z] Session [84ea4560-db5c-11e8-913e-81523046cfad] - page.customHeaders:  - {}
[INFO  - 2018-10-29T09:25:04.832Z] Session [84ea4560-db5c-11e8-913e-81523046cfad] - Session.negotiatedCapabilities - {"browserName":"phantomjs","version":"2.1.1","driverName":"ghostdriver","driverVersion":"1.2.0","platform":"windows-10-32bit","javascriptEnabled":true,"takesScreenshot":true,"handlesAlerts":false,"databaseEnabled":false,"locationContextEnabled":false,"applicationCacheEnabled":false,"browserConnectionEnabled":false,"cssSelectorsEnabled":true,"webStorageEnabled":false,"rotatable":false,"acceptSslCerts":false,"nativeEvents":true,"proxy":{"proxyType":"direct"},"phantomjs.page.settings.XSSAuditingEnabled":true,"phantomjs.page.settings.webSecurityEnabled":false,"phantomjs.page.settings.localToRemoteUrlAccessEnabled":true,"phantomjs.page.settings.loadImages":false}
[INFO  - 2018-10-29T09:25:04.833Z] SessionManagerReqHand - _postNewSessionCommand - New Session Created: 84ea4560-db5c-11e8-913e-81523046cfad
[INFO  - 2018-10-29T09:30:04.006Z] SessionManagerReqHand - _cleanupWindowlessSessions - Asynchronous Sessions clean-up phase starting NOW
[INFO  - 2018-10-29T09:39:08.654Z] GhostDriver - Main - running on port 11721
[INFO  - 2018-10-29T09:39:09.374Z] Session [7c4d4e50-db5e-11e8-ac61-9171e41adb73] - page.settings - {"XSSAuditingEnabled":true,"javascriptCanCloseWindows":true,"javascriptCanOpenWindows":true,"javascriptEnabled":true,"loadImages":false,"localToRemoteUrlAccessEnabled":true,"userAgent":"Mozilla/5.0 (Windows NT 6.2; WOW64) AppleWebKit/538.1 (KHTML, like Gecko) PhantomJS/2.1.1 Safari/538.1","webSecurityEnabled":false}
[INFO  - 2018-10-29T09:39:09.374Z] Session [7c4d4e50-db5e-11e8-ac61-9171e41adb73] - page.customHeaders:  - {}
[INFO  - 2018-10-29T09:39:09.374Z] Session [7c4d4e50-db5e-11e8-ac61-9171e41adb73] - Session.negotiatedCapabilities - {"browserName":"phantomjs","version":"2.1.1","driverName":"ghostdriver","driverVersion":"1.2.0","platform":"windows-10-32bit","javascriptEnabled":true,"takesScreenshot":true,"handlesAlerts":false,"databaseEnabled":false,"locationContextEnabled":false,"applicationCacheEnabled":false,"browserConnectionEnabled":false,"cssSelectorsEnabled":true,"webStorageEnabled":false,"rotatable":false,"acceptSslCerts":false,"nativeEvents":true,"proxy":{"proxyType":"direct"},"phantomjs.page.settings.XSSAuditingEnabled":true,"phantomjs.page.settings.webSecurityEnabled":false,"phantomjs.page.settings.localToRemoteUrlAccessEnabled":true,"phantomjs.page.settings.loadImages":false}
[INFO  - 2018-10-29T09:39:09.374Z] SessionManagerReqHand - _postNewSessionCommand - New Session Created: 7c4d4e50-db5e-11e8-ac61-9171e41adb73
[INFO  - 2018-10-29T11:36:07.882Z] GhostDriver - Main - running on port 56482
[INFO  - 2018-10-29T11:36:08.741Z] Session [d42c5200-db6e-11e8-9ae7-3d9c68b961aa] - page.settings - {"XSSAuditingEnabled":true,"javascriptCanCloseWindows":true,"javascriptCanOpenWindows":true,"javascriptEnabled":true,"loadImages":false,"localToRemoteUrlAccessEnabled":true,"userAgent":"Mozilla/5.0 (Windows NT 6.2; WOW64) AppleWebKit/538.1 (KHTML, like Gecko) PhantomJS/2.1.1 Safari/538.1","webSecurityEnabled":false}
[INFO  - 2018-10-29T11:36:08.741Z] Session [d42c5200-db6e-11e8-9ae7-3d9c68b961aa] - page.customHeaders:  - {}
[INFO  - 2018-10-29T11:36:08.742Z] Session [d42c5200-db6e-11e8-9ae7-3d9c68b961aa] - Session.negotiatedCapabilities - {"browserName":"phantomjs","version":"2.1.1","driverName":"ghostdriver","driverVersion":"1.2.0","platform":"windows-10-32bit","javascriptEnabled":true,"takesScreenshot":true,"handlesAlerts":false,"databaseEnabled":false,"locationContextEnabled":false,"applicationCacheEnabled":false,"browserConnectionEnabled":false,"cssSelectorsEnabled":true,"webStorageEnabled":false,"rotatable":false,"acceptSslCerts":false,"nativeEvents":true,"proxy":{"proxyType":"direct"},"phantomjs.page.settings.XSSAuditingEnabled":true,"phantomjs.page.settings.webSecurityEnabled":false,"phantomjs.page.settings.localToRemoteUrlAccessEnabled":true,"phantomjs.page.settings.loadImages":false}
[INFO  - 2018-10-29T11:36:08.742Z] SessionManagerReqHand - _postNewSessionCommand - New Session Created: d42c5200-db6e-11e8-9ae7-3d9c68b961aa
[INFO  - 2018-10-29T11:41:07.871Z] SessionManagerReqHand - _cleanupWindowlessSessions - Asynchronous Sessions clean-up phase starting NOW
[INFO  - 2018-10-29T11:46:07.877Z] SessionManagerReqHand - _cleanupWindowlessSessions - Asynchronous Sessions clean-up phase starting NOW
[INFO  - 2018-10-29T11:49:32.865Z] GhostDriver - Main - running on port 63932
[INFO  - 2018-10-29T11:49:33.661Z] Session [b3f09a30-db70-11e8-b51a-476cdd3d9eeb] - page.settings - {"XSSAuditingEnabled":true,"javascriptCanCloseWindows":true,"javascriptCanOpenWindows":true,"javascriptEnabled":true,"loadImages":false,"localToRemoteUrlAccessEnabled":true,"userAgent":"Mozilla/5.0 (Windows NT 6.2; WOW64) AppleWebKit/538.1 (KHTML, like Gecko) PhantomJS/2.1.1 Safari/538.1","webSecurityEnabled":false}
[INFO  - 2018-10-29T11:49:33.661Z] Session [b3f09a30-db70-11e8-b51a-476cdd3d9eeb] - page.customHeaders:  - {}
[INFO  - 2018-10-29T11:49:33.661Z] Session [b3f09a30-db70-11e8-b51a-476cdd3d9eeb] - Session.negotiatedCapabilities - {"browserName":"phantomjs","version":"2.1.1","driverName":"ghostdriver","driverVersion":"1.2.0","platform":"windows-10-32bit","javascriptEnabled":true,"takesScreenshot":true,"handlesAlerts":false,"databaseEnabled":false,"locationContextEnabled":false,"applicationCacheEnabled":false,"browserConnectionEnabled":false,"cssSelectorsEnabled":true,"webStorageEnabled":false,"rotatable":false,"acceptSslCerts":false,"nativeEvents":true,"proxy":{"proxyType":"direct"},"phantomjs.page.settings.XSSAuditingEnabled":true,"phantomjs.page.settings.webSecurityEnabled":false,"phantomjs.page.settings.localToRemoteUrlAccessEnabled":true,"phantomjs.page.settings.loadImages":false}
[INFO  - 2018-10-29T11:49:33.662Z] SessionManagerReqHand - _postNewSessionCommand - New Session Created: b3f09a30-db70-11e8-b51a-476cdd3d9eeb
[INFO  - 2018-10-29T11:51:15.775Z] GhostDriver - Main - running on port 19133
[INFO  - 2018-10-29T11:51:16.010Z] Session [f0f26e40-db70-11e8-9c18-0b3daa07a830] - page.settings - {"XSSAuditingEnabled":true,"javascriptCanCloseWindows":true,"javascriptCanOpenWindows":true,"javascriptEnabled":true,"loadImages":false,"localToRemoteUrlAccessEnabled":true,"userAgent":"Mozilla/5.0 (Windows NT 6.2; WOW64) AppleWebKit/538.1 (KHTML, like Gecko) PhantomJS/2.1.1 Safari/538.1","webSecurityEnabled":false}
[INFO  - 2018-10-29T11:51:16.010Z] Session [f0f26e40-db70-11e8-9c18-0b3daa07a830] - page.customHeaders:  - {}
[INFO  - 2018-10-29T11:51:16.010Z] Session [f0f26e40-db70-11e8-9c18-0b3daa07a830] - Session.negotiatedCapabilities - {"browserName":"phantomjs","version":"2.1.1","driverName":"ghostdriver","driverVersion":"1.2.0","platform":"windows-10-32bit","javascriptEnabled":true,"takesScreenshot":true,"handlesAlerts":false,"databaseEnabled":false,"locationContextEnabled":false,"applicationCacheEnabled":false,"browserConnectionEnabled":false,"cssSelectorsEnabled":true,"webStorageEnabled":false,"rotatable":false,"acceptSslCerts":false,"nativeEvents":true,"proxy":{"proxyType":"direct"},"phantomjs.page.settings.XSSAuditingEnabled":true,"phantomjs.page.settings.webSecurityEnabled":false,"phantomjs.page.settings.localToRemoteUrlAccessEnabled":true,"phantomjs.page.settings.loadImages":false}
[INFO  - 2018-10-29T11:51:16.010Z] SessionManagerReqHand - _postNewSessionCommand - New Session Created: f0f26e40-db70-11e8-9c18-0b3daa07a830
[INFO  - 2018-10-29T11:52:24.611Z] GhostDriver - Main - running on port 30762
[INFO  - 2018-10-29T11:52:25.751Z] Session [1a8373d0-db71-11e8-bc7f-1b0cccd51b20] - page.settings - {"XSSAuditingEnabled":true,"javascriptCanCloseWindows":true,"javascriptCanOpenWindows":true,"javascriptEnabled":true,"loadImages":false,"localToRemoteUrlAccessEnabled":true,"userAgent":"Mozilla/5.0 (Windows NT 6.2; WOW64) AppleWebKit/538.1 (KHTML, like Gecko) PhantomJS/2.1.1 Safari/538.1","webSecurityEnabled":false}
[INFO  - 2018-10-29T11:52:25.752Z] Session [1a8373d0-db71-11e8-bc7f-1b0cccd51b20] - page.customHeaders:  - {}
[INFO  - 2018-10-29T11:52:25.752Z] Session [1a8373d0-db71-11e8-bc7f-1b0cccd51b20] - Session.negotiatedCapabilities - {"browserName":"phantomjs","version":"2.1.1","driverName":"ghostdriver","driverVersion":"1.2.0","platform":"windows-10-32bit","javascriptEnabled":true,"takesScreenshot":true,"handlesAlerts":false,"databaseEnabled":false,"locationContextEnabled":false,"applicationCacheEnabled":false,"browserConnectionEnabled":false,"cssSelectorsEnabled":true,"webStorageEnabled":false,"rotatable":false,"acceptSslCerts":false,"nativeEvents":true,"proxy":{"proxyType":"direct"},"phantomjs.page.settings.XSSAuditingEnabled":true,"phantomjs.page.settings.webSecurityEnabled":false,"phantomjs.page.settings.localToRemoteUrlAccessEnabled":true,"phantomjs.page.settings.loadImages":false}
[INFO  - 2018-10-29T11:52:25.752Z] SessionManagerReqHand - _postNewSessionCommand - New Session Created: 1a8373d0-db71-11e8-bc7f-1b0cccd51b20
[INFO  - 2018-10-29T11:57:13.657Z] GhostDriver - Main - running on port 60328
[INFO  - 2018-10-29T11:57:14.860Z] Session [c6d5d510-db71-11e8-9a62-dfe258691b89] - page.settings - {"XSSAuditingEnabled":true,"javascriptCanCloseWindows":true,"javascriptCanOpenWindows":true,"javascriptEnabled":true,"loadImages":false,"localToRemoteUrlAccessEnabled":true,"userAgent":"Mozilla/5.0 (Windows NT 6.2; WOW64) AppleWebKit/538.1 (KHTML, like Gecko) PhantomJS/2.1.1 Safari/538.1","webSecurityEnabled":false}
[INFO  - 2018-10-29T11:57:14.860Z] Session [c6d5d510-db71-11e8-9a62-dfe258691b89] - page.customHeaders:  - {}
[INFO  - 2018-10-29T11:57:14.860Z] Session [c6d5d510-db71-11e8-9a62-dfe258691b89] - Session.negotiatedCapabilities - {"browserName":"phantomjs","version":"2.1.1","driverName":"ghostdriver","driverVersion":"1.2.0","platform":"windows-10-32bit","javascriptEnabled":true,"takesScreenshot":true,"handlesAlerts":false,"databaseEnabled":false,"locationContextEnabled":false,"applicationCacheEnabled":false,"browserConnectionEnabled":false,"cssSelectorsEnabled":true,"webStorageEnabled":false,"rotatable":false,"acceptSslCerts":false,"nativeEvents":true,"proxy":{"proxyType":"direct"},"phantomjs.page.settings.XSSAuditingEnabled":true,"phantomjs.page.settings.webSecurityEnabled":false,"phantomjs.page.settings.localToRemoteUrlAccessEnabled":true,"phantomjs.page.settings.loadImages":false}
[INFO  - 2018-10-29T11:57:14.860Z] SessionManagerReqHand - _postNewSessionCommand - New Session Created: c6d5d510-db71-11e8-9a62-dfe258691b89
[INFO  - 2018-10-29T11:57:28.768Z] GhostDriver - Main - running on port 50070
[INFO  - 2018-10-29T11:57:29.737Z] Session [cfb45710-db71-11e8-a90e-f7a9056fce2e] - page.settings - {"XSSAuditingEnabled":true,"javascriptCanCloseWindows":true,"javascriptCanOpenWindows":true,"javascriptEnabled":true,"loadImages":false,"localToRemoteUrlAccessEnabled":true,"userAgent":"Mozilla/5.0 (Windows NT 6.2; WOW64) AppleWebKit/538.1 (KHTML, like Gecko) PhantomJS/2.1.1 Safari/538.1","webSecurityEnabled":false}
[INFO  - 2018-10-29T11:57:29.737Z] Session [cfb45710-db71-11e8-a90e-f7a9056fce2e] - page.customHeaders:  - {}
[INFO  - 2018-10-29T11:57:29.737Z] Session [cfb45710-db71-11e8-a90e-f7a9056fce2e] - Session.negotiatedCapabilities - {"browserName":"phantomjs","version":"2.1.1","driverName":"ghostdriver","driverVersion":"1.2.0","platform":"windows-10-32bit","javascriptEnabled":true,"takesScreenshot":true,"handlesAlerts":false,"databaseEnabled":false,"locationContextEnabled":false,"applicationCacheEnabled":false,"browserConnectionEnabled":false,"cssSelectorsEnabled":true,"webStorageEnabled":false,"rotatable":false,"acceptSslCerts":false,"nativeEvents":true,"proxy":{"proxyType":"direct"},"phantomjs.page.settings.XSSAuditingEnabled":true,"phantomjs.page.settings.webSecurityEnabled":false,"phantomjs.page.settings.localToRemoteUrlAccessEnabled":true,"phantomjs.page.settings.loadImages":false}
[INFO  - 2018-10-29T11:57:29.737Z] SessionManagerReqHand - _postNewSessionCommand - New Session Created: cfb45710-db71-11e8-a90e-f7a9056fce2e
[INFO  - 2018-10-29T12:05:46.949Z] GhostDriver - Main - running on port 6120
[INFO  - 2018-10-29T12:05:47.293Z] Session [f845d180-db72-11e8-b64a-3b80a6cefda9] - page.settings - {"XSSAuditingEnabled":true,"javascriptCanCloseWindows":true,"javascriptCanOpenWindows":true,"javascriptEnabled":true,"loadImages":false,"localToRemoteUrlAccessEnabled":true,"userAgent":"Mozilla/5.0 (Windows NT 6.2; WOW64) AppleWebKit/538.1 (KHTML, like Gecko) PhantomJS/2.1.1 Safari/538.1","webSecurityEnabled":false}
[INFO  - 2018-10-29T12:05:47.293Z] Session [f845d180-db72-11e8-b64a-3b80a6cefda9] - page.customHeaders:  - {}
[INFO  - 2018-10-29T12:05:47.293Z] Session [f845d180-db72-11e8-b64a-3b80a6cefda9] - Session.negotiatedCapabilities - {"browserName":"phantomjs","version":"2.1.1","driverName":"ghostdriver","driverVersion":"1.2.0","platform":"windows-10-32bit","javascriptEnabled":true,"takesScreenshot":true,"handlesAlerts":false,"databaseEnabled":false,"locationContextEnabled":false,"applicationCacheEnabled":false,"browserConnectionEnabled":false,"cssSelectorsEnabled":true,"webStorageEnabled":false,"rotatable":false,"acceptSslCerts":false,"nativeEvents":true,"proxy":{"proxyType":"direct"},"phantomjs.page.settings.XSSAuditingEnabled":true,"phantomjs.page.settings.webSecurityEnabled":false,"phantomjs.page.settings.localToRemoteUrlAccessEnabled":true,"phantomjs.page.settings.loadImages":false}
[INFO  - 2018-10-29T12:05:47.293Z] SessionManagerReqHand - _postNewSessionCommand - New Session Created: f845d180-db72-11e8-b64a-3b80a6cefda9
[ERROR - 2018-10-29T12:05:55.440Z] WebElementLocator - _handleLocateCommand - Element(s) NOT Found: GAVE UP. Search Stop Time: 1540814755385
[INFO  - 2018-10-29T12:06:34.284Z] GhostDriver - Main - running on port 43186
[INFO  - 2018-10-29T12:06:34.669Z] Session [1482ab70-db73-11e8-ba5e-6b0ce8dc0fec] - page.settings - {"XSSAuditingEnabled":true,"javascriptCanCloseWindows":true,"javascriptCanOpenWindows":true,"javascriptEnabled":true,"loadImages":false,"localToRemoteUrlAccessEnabled":true,"userAgent":"Mozilla/5.0 (Windows NT 6.2; WOW64) AppleWebKit/538.1 (KHTML, like Gecko) PhantomJS/2.1.1 Safari/538.1","webSecurityEnabled":false}
[INFO  - 2018-10-29T12:06:34.669Z] Session [1482ab70-db73-11e8-ba5e-6b0ce8dc0fec] - page.customHeaders:  - {}
[INFO  - 2018-10-29T12:06:34.669Z] Session [1482ab70-db73-11e8-ba5e-6b0ce8dc0fec] - Session.negotiatedCapabilities - {"browserName":"phantomjs","version":"2.1.1","driverName":"ghostdriver","driverVersion":"1.2.0","platform":"windows-10-32bit","javascriptEnabled":true,"takesScreenshot":true,"handlesAlerts":false,"databaseEnabled":false,"locationContextEnabled":false,"applicationCacheEnabled":false,"browserConnectionEnabled":false,"cssSelectorsEnabled":true,"webStorageEnabled":false,"rotatable":false,"acceptSslCerts":false,"nativeEvents":true,"proxy":{"proxyType":"direct"},"phantomjs.page.settings.XSSAuditingEnabled":true,"phantomjs.page.settings.webSecurityEnabled":false,"phantomjs.page.settings.localToRemoteUrlAccessEnabled":true,"phantomjs.page.settings.loadImages":false}
[INFO  - 2018-10-29T12:06:34.669Z] SessionManagerReqHand - _postNewSessionCommand - New Session Created: 1482ab70-db73-11e8-ba5e-6b0ce8dc0fec
[INFO  - 2018-10-29T12:08:18.212Z] GhostDriver - Main - running on port 23673
[INFO  - 2018-10-29T12:08:19.395Z] Session [52ee96d0-db73-11e8-8ac8-b5ca106c9360] - page.settings - {"XSSAuditingEnabled":true,"javascriptCanCloseWindows":true,"javascriptCanOpenWindows":true,"javascriptEnabled":true,"loadImages":false,"localToRemoteUrlAccessEnabled":true,"userAgent":"Mozilla/5.0 (Windows NT 6.2; WOW64) AppleWebKit/538.1 (KHTML, like Gecko) PhantomJS/2.1.1 Safari/538.1","webSecurityEnabled":false}
[INFO  - 2018-10-29T12:08:19.395Z] Session [52ee96d0-db73-11e8-8ac8-b5ca106c9360] - page.customHeaders:  - {}
[INFO  - 2018-10-29T12:08:19.395Z] Session [52ee96d0-db73-11e8-8ac8-b5ca106c9360] - Session.negotiatedCapabilities - {"browserName":"phantomjs","version":"2.1.1","driverName":"ghostdriver","driverVersion":"1.2.0","platform":"windows-10-32bit","javascriptEnabled":true,"takesScreenshot":true,"handlesAlerts":false,"databaseEnabled":false,"locationContextEnabled":false,"applicationCacheEnabled":false,"browserConnectionEnabled":false,"cssSelectorsEnabled":true,"webStorageEnabled":false,"rotatable":false,"acceptSslCerts":false,"nativeEvents":true,"proxy":{"proxyType":"direct"},"phantomjs.page.settings.XSSAuditingEnabled":true,"phantomjs.page.settings.webSecurityEnabled":false,"phantomjs.page.settings.localToRemoteUrlAccessEnabled":true,"phantomjs.page.settings.loadImages":false}
[INFO  - 2018-10-29T12:08:19.395Z] SessionManagerReqHand - _postNewSessionCommand - New Session Created: 52ee96d0-db73-11e8-8ac8-b5ca106c9360
[INFO  - 2018-10-29T12:11:58.235Z] GhostDriver - Main - running on port 16115
[INFO  - 2018-10-29T12:11:59.161Z] Session [d5ec8650-db73-11e8-8c18-2f6af448affe] - page.settings - {"XSSAuditingEnabled":true,"javascriptCanCloseWindows":true,"javascriptCanOpenWindows":true,"javascriptEnabled":true,"loadImages":false,"localToRemoteUrlAccessEnabled":true,"userAgent":"Mozilla/5.0 (Windows NT 6.2; WOW64) AppleWebKit/538.1 (KHTML, like Gecko) PhantomJS/2.1.1 Safari/538.1","webSecurityEnabled":false}
[INFO  - 2018-10-29T12:11:59.161Z] Session [d5ec8650-db73-11e8-8c18-2f6af448affe] - page.customHeaders:  - {}
[INFO  - 2018-10-29T12:11:59.161Z] Session [d5ec8650-db73-11e8-8c18-2f6af448affe] - Session.negotiatedCapabilities - {"browserName":"phantomjs","version":"2.1.1","driverName":"ghostdriver","driverVersion":"1.2.0","platform":"windows-10-32bit","javascriptEnabled":true,"takesScreenshot":true,"handlesAlerts":false,"databaseEnabled":false,"locationContextEnabled":false,"applicationCacheEnabled":false,"browserConnectionEnabled":false,"cssSelectorsEnabled":true,"webStorageEnabled":false,"rotatable":false,"acceptSslCerts":false,"nativeEvents":true,"proxy":{"proxyType":"direct"},"phantomjs.page.settings.XSSAuditingEnabled":true,"phantomjs.page.settings.webSecurityEnabled":false,"phantomjs.page.settings.localToRemoteUrlAccessEnabled":true,"phantomjs.page.settings.loadImages":false}
[INFO  - 2018-10-29T12:11:59.162Z] SessionManagerReqHand - _postNewSessionCommand - New Session Created: d5ec8650-db73-11e8-8c18-2f6af448affe
[INFO  - 2018-10-29T12:18:30.707Z] GhostDriver - Main - running on port 43305
[INFO  - 2018-10-29T12:18:31.801Z] Session [bff42d20-db74-11e8-a39d-f1d30b31ea19] - page.settings - {"XSSAuditingEnabled":true,"javascriptCanCloseWindows":true,"javascriptCanOpenWindows":true,"javascriptEnabled":true,"loadImages":false,"localToRemoteUrlAccessEnabled":true,"userAgent":"Mozilla/5.0 (Windows NT 6.2; WOW64) AppleWebKit/538.1 (KHTML, like Gecko) PhantomJS/2.1.1 Safari/538.1","webSecurityEnabled":false}
[INFO  - 2018-10-29T12:18:31.801Z] Session [bff42d20-db74-11e8-a39d-f1d30b31ea19] - page.customHeaders:  - {}
[INFO  - 2018-10-29T12:18:31.801Z] Session [bff42d20-db74-11e8-a39d-f1d30b31ea19] - Session.negotiatedCapabilities - {"browserName":"phantomjs","version":"2.1.1","driverName":"ghostdriver","driverVersion":"1.2.0","platform":"windows-10-32bit","javascriptEnabled":true,"takesScreenshot":true,"handlesAlerts":false,"databaseEnabled":false,"locationContextEnabled":false,"applicationCacheEnabled":false,"browserConnectionEnabled":false,"cssSelectorsEnabled":true,"webStorageEnabled":false,"rotatable":false,"acceptSslCerts":false,"nativeEvents":true,"proxy":{"proxyType":"direct"},"phantomjs.page.settings.XSSAuditingEnabled":true,"phantomjs.page.settings.webSecurityEnabled":false,"phantomjs.page.settings.localToRemoteUrlAccessEnabled":true,"phantomjs.page.settings.loadImages":false}
[INFO  - 2018-10-29T12:18:31.801Z] SessionManagerReqHand - _postNewSessionCommand - New Session Created: bff42d20-db74-11e8-a39d-f1d30b31ea19
[INFO  - 2018-10-29T12:31:21.907Z] GhostDriver - Main - running on port 16310
[INFO  - 2018-10-29T12:31:22.806Z] Session [8b8233f0-db76-11e8-bd2d-e5ebfde37d8a] - page.settings - {"XSSAuditingEnabled":true,"javascriptCanCloseWindows":true,"javascriptCanOpenWindows":true,"javascriptEnabled":true,"loadImages":false,"localToRemoteUrlAccessEnabled":true,"userAgent":"Mozilla/5.0 (Windows NT 6.2; WOW64) AppleWebKit/538.1 (KHTML, like Gecko) PhantomJS/2.1.1 Safari/538.1","webSecurityEnabled":false}
[INFO  - 2018-10-29T12:31:22.806Z] Session [8b8233f0-db76-11e8-bd2d-e5ebfde37d8a] - page.customHeaders:  - {}
[INFO  - 2018-10-29T12:31:22.806Z] Session [8b8233f0-db76-11e8-bd2d-e5ebfde37d8a] - Session.negotiatedCapabilities - {"browserName":"phantomjs","version":"2.1.1","driverName":"ghostdriver","driverVersion":"1.2.0","platform":"windows-10-32bit","javascriptEnabled":true,"takesScreenshot":true,"handlesAlerts":false,"databaseEnabled":false,"locationContextEnabled":false,"applicationCacheEnabled":false,"browserConnectionEnabled":false,"cssSelectorsEnabled":true,"webStorageEnabled":false,"rotatable":false,"acceptSslCerts":false,"nativeEvents":true,"proxy":{"proxyType":"direct"},"phantomjs.page.settings.XSSAuditingEnabled":true,"phantomjs.page.settings.webSecurityEnabled":false,"phantomjs.page.settings.localToRemoteUrlAccessEnabled":true,"phantomjs.page.settings.loadImages":false}
[INFO  - 2018-10-29T12:31:22.807Z] SessionManagerReqHand - _postNewSessionCommand - New Session Created: 8b8233f0-db76-11e8-bd2d-e5ebfde37d8a
[INFO  - 2018-10-29T12:32:01.749Z] GhostDriver - Main - running on port 10107
[INFO  - 2018-10-29T12:32:02.051Z] Session [a2e6d1e0-db76-11e8-9c6e-e1eae8b3f3da] - page.settings - {"XSSAuditingEnabled":true,"javascriptCanCloseWindows":true,"javascriptCanOpenWindows":true,"javascriptEnabled":true,"loadImages":false,"localToRemoteUrlAccessEnabled":true,"userAgent":"Mozilla/5.0 (Windows NT 6.2; WOW64) AppleWebKit/538.1 (KHTML, like Gecko) PhantomJS/2.1.1 Safari/538.1","webSecurityEnabled":false}
[INFO  - 2018-10-29T12:32:02.052Z] Session [a2e6d1e0-db76-11e8-9c6e-e1eae8b3f3da] - page.customHeaders:  - {}
[INFO  - 2018-10-29T12:32:02.052Z] Session [a2e6d1e0-db76-11e8-9c6e-e1eae8b3f3da] - Session.negotiatedCapabilities - {"browserName":"phantomjs","version":"2.1.1","driverName":"ghostdriver","driverVersion":"1.2.0","platform":"windows-10-32bit","javascriptEnabled":true,"takesScreenshot":true,"handlesAlerts":false,"databaseEnabled":false,"locationContextEnabled":false,"applicationCacheEnabled":false,"browserConnectionEnabled":false,"cssSelectorsEnabled":true,"webStorageEnabled":false,"rotatable":false,"acceptSslCerts":false,"nativeEvents":true,"proxy":{"proxyType":"direct"},"phantomjs.page.settings.XSSAuditingEnabled":true,"phantomjs.page.settings.webSecurityEnabled":false,"phantomjs.page.settings.localToRemoteUrlAccessEnabled":true,"phantomjs.page.settings.loadImages":false}
[INFO  - 2018-10-29T12:32:02.052Z] SessionManagerReqHand - _postNewSessionCommand - New Session Created: a2e6d1e0-db76-11e8-9c6e-e1eae8b3f3da
[INFO  - 2018-10-29T12:33:10.869Z] GhostDriver - Main - running on port 12240
[INFO  - 2018-10-29T12:33:11.416Z] Session [cc3eed20-db76-11e8-9698-590450144bc1] - page.settings - {"XSSAuditingEnabled":true,"javascriptCanCloseWindows":true,"javascriptCanOpenWindows":true,"javascriptEnabled":true,"loadImages":false,"localToRemoteUrlAccessEnabled":true,"userAgent":"Mozilla/5.0 (Windows NT 6.2; WOW64) AppleWebKit/538.1 (KHTML, like Gecko) PhantomJS/2.1.1 Safari/538.1","webSecurityEnabled":false}
[INFO  - 2018-10-29T12:33:11.416Z] Session [cc3eed20-db76-11e8-9698-590450144bc1] - page.customHeaders:  - {}
[INFO  - 2018-10-29T12:33:11.416Z] Session [cc3eed20-db76-11e8-9698-590450144bc1] - Session.negotiatedCapabilities - {"browserName":"phantomjs","version":"2.1.1","driverName":"ghostdriver","driverVersion":"1.2.0","platform":"windows-10-32bit","javascriptEnabled":true,"takesScreenshot":true,"handlesAlerts":false,"databaseEnabled":false,"locationContextEnabled":false,"applicationCacheEnabled":false,"browserConnectionEnabled":false,"cssSelectorsEnabled":true,"webStorageEnabled":false,"rotatable":false,"acceptSslCerts":false,"nativeEvents":true,"proxy":{"proxyType":"direct"},"phantomjs.page.settings.XSSAuditingEnabled":true,"phantomjs.page.settings.webSecurityEnabled":false,"phantomjs.page.settings.localToRemoteUrlAccessEnabled":true,"phantomjs.page.settings.loadImages":false}
[INFO  - 2018-10-29T12:33:11.416Z] SessionManagerReqHand - _postNewSessionCommand - New Session Created: cc3eed20-db76-11e8-9698-590450144bc1
[INFO  - 2018-10-29T12:35:44.613Z] GhostDriver - Main - running on port 38891
[INFO  - 2018-10-29T12:35:45.143Z] Session [27dfce10-db77-11e8-adb2-f1a24e10ed9a] - page.settings - {"XSSAuditingEnabled":true,"javascriptCanCloseWindows":true,"javascriptCanOpenWindows":true,"javascriptEnabled":true,"loadImages":false,"localToRemoteUrlAccessEnabled":true,"userAgent":"Mozilla/5.0 (Windows NT 6.2; WOW64) AppleWebKit/538.1 (KHTML, like Gecko) PhantomJS/2.1.1 Safari/538.1","webSecurityEnabled":false}
[INFO  - 2018-10-29T12:35:45.143Z] Session [27dfce10-db77-11e8-adb2-f1a24e10ed9a] - page.customHeaders:  - {}
[INFO  - 2018-10-29T12:35:45.143Z] Session [27dfce10-db77-11e8-adb2-f1a24e10ed9a] - Session.negotiatedCapabilities - {"browserName":"phantomjs","version":"2.1.1","driverName":"ghostdriver","driverVersion":"1.2.0","platform":"windows-10-32bit","javascriptEnabled":true,"takesScreenshot":true,"handlesAlerts":false,"databaseEnabled":false,"locationContextEnabled":false,"applicationCacheEnabled":false,"browserConnectionEnabled":false,"cssSelectorsEnabled":true,"webStorageEnabled":false,"rotatable":false,"acceptSslCerts":false,"nativeEvents":true,"proxy":{"proxyType":"direct"},"phantomjs.page.settings.XSSAuditingEnabled":true,"phantomjs.page.settings.webSecurityEnabled":false,"phantomjs.page.settings.localToRemoteUrlAccessEnabled":true,"phantomjs.page.settings.loadImages":false}
[INFO  - 2018-10-29T12:35:45.144Z] SessionManagerReqHand - _postNewSessionCommand - New Session Created: 27dfce10-db77-11e8-adb2-f1a24e10ed9a
[INFO  - 2018-10-29T12:36:22.727Z] GhostDriver - Main - running on port 14736
[INFO  - 2018-10-29T12:36:23.760Z] Session [3ee3fc80-db77-11e8-9d30-b9749039f0b9] - page.settings - {"XSSAuditingEnabled":true,"javascriptCanCloseWindows":true,"javascriptCanOpenWindows":true,"javascriptEnabled":true,"loadImages":false,"localToRemoteUrlAccessEnabled":true,"userAgent":"Mozilla/5.0 (Windows NT 6.2; WOW64) AppleWebKit/538.1 (KHTML, like Gecko) PhantomJS/2.1.1 Safari/538.1","webSecurityEnabled":false}
[INFO  - 2018-10-29T12:36:23.760Z] Session [3ee3fc80-db77-11e8-9d30-b9749039f0b9] - page.customHeaders:  - {}
[INFO  - 2018-10-29T12:36:23.760Z] Session [3ee3fc80-db77-11e8-9d30-b9749039f0b9] - Session.negotiatedCapabilities - {"browserName":"phantomjs","version":"2.1.1","driverName":"ghostdriver","driverVersion":"1.2.0","platform":"windows-10-32bit","javascriptEnabled":true,"takesScreenshot":true,"handlesAlerts":false,"databaseEnabled":false,"locationContextEnabled":false,"applicationCacheEnabled":false,"browserConnectionEnabled":false,"cssSelectorsEnabled":true,"webStorageEnabled":false,"rotatable":false,"acceptSslCerts":false,"nativeEvents":true,"proxy":{"proxyType":"direct"},"phantomjs.page.settings.XSSAuditingEnabled":true,"phantomjs.page.settings.webSecurityEnabled":false,"phantomjs.page.settings.localToRemoteUrlAccessEnabled":true,"phantomjs.page.settings.loadImages":false}
[INFO  - 2018-10-29T12:36:23.761Z] SessionManagerReqHand - _postNewSessionCommand - New Session Created: 3ee3fc80-db77-11e8-9d30-b9749039f0b9
[INFO  - 2018-10-30T08:26:44.043Z] GhostDriver - Main - running on port 30864
[INFO  - 2018-10-30T08:26:44.710Z] Session [89183ef0-dc1d-11e8-82f7-a9ed15cd3b5e] - page.settings - {"XSSAuditingEnabled":true,"javascriptCanCloseWindows":true,"javascriptCanOpenWindows":true,"javascriptEnabled":true,"loadImages":false,"localToRemoteUrlAccessEnabled":true,"userAgent":"Mozilla/5.0 (Windows NT 6.2; WOW64) AppleWebKit/538.1 (KHTML, like Gecko) PhantomJS/2.1.1 Safari/538.1","webSecurityEnabled":false}
[INFO  - 2018-10-30T08:26:44.710Z] Session [89183ef0-dc1d-11e8-82f7-a9ed15cd3b5e] - page.customHeaders:  - {}
[INFO  - 2018-10-30T08:26:44.710Z] Session [89183ef0-dc1d-11e8-82f7-a9ed15cd3b5e] - Session.negotiatedCapabilities - {"browserName":"phantomjs","version":"2.1.1","driverName":"ghostdriver","driverVersion":"1.2.0","platform":"windows-10-32bit","javascriptEnabled":true,"takesScreenshot":true,"handlesAlerts":false,"databaseEnabled":false,"locationContextEnabled":false,"applicationCacheEnabled":false,"browserConnectionEnabled":false,"cssSelectorsEnabled":true,"webStorageEnabled":false,"rotatable":false,"acceptSslCerts":false,"nativeEvents":true,"proxy":{"proxyType":"direct"},"phantomjs.page.settings.XSSAuditingEnabled":true,"phantomjs.page.settings.webSecurityEnabled":false,"phantomjs.page.settings.localToRemoteUrlAccessEnabled":true,"phantomjs.page.settings.loadImages":false}
[INFO  - 2018-10-30T08:26:44.710Z] SessionManagerReqHand - _postNewSessionCommand - New Session Created: 89183ef0-dc1d-11e8-82f7-a9ed15cd3b5e
[ERROR - 2018-10-30T08:26:59.894Z] WebElementLocator - _handleLocateCommand - Element(s) NOT Found: GAVE UP. Search Stop Time: 1540888019012
[INFO  - 2018-10-30T08:31:50.156Z] GhostDriver - Main - running on port 24794
[INFO  - 2018-10-30T08:31:50.467Z] Session [3f56c1a0-dc1e-11e8-8957-55c7335ea83c] - page.settings - {"XSSAuditingEnabled":true,"javascriptCanCloseWindows":true,"javascriptCanOpenWindows":true,"javascriptEnabled":true,"loadImages":false,"localToRemoteUrlAccessEnabled":true,"userAgent":"Mozilla/5.0 (Windows NT 6.2; WOW64) AppleWebKit/538.1 (KHTML, like Gecko) PhantomJS/2.1.1 Safari/538.1","webSecurityEnabled":false}
[INFO  - 2018-10-30T08:31:50.467Z] Session [3f56c1a0-dc1e-11e8-8957-55c7335ea83c] - page.customHeaders:  - {}
[INFO  - 2018-10-30T08:31:50.468Z] Session [3f56c1a0-dc1e-11e8-8957-55c7335ea83c] - Session.negotiatedCapabilities - {"browserName":"phantomjs","version":"2.1.1","driverName":"ghostdriver","driverVersion":"1.2.0","platform":"windows-10-32bit","javascriptEnabled":true,"takesScreenshot":true,"handlesAlerts":false,"databaseEnabled":false,"locationContextEnabled":false,"applicationCacheEnabled":false,"browserConnectionEnabled":false,"cssSelectorsEnabled":true,"webStorageEnabled":false,"rotatable":false,"acceptSslCerts":false,"nativeEvents":true,"proxy":{"proxyType":"direct"},"phantomjs.page.settings.XSSAuditingEnabled":true,"phantomjs.page.settings.webSecurityEnabled":false,"phantomjs.page.settings.localToRemoteUrlAccessEnabled":true,"phantomjs.page.settings.loadImages":false}
[INFO  - 2018-10-30T08:31:50.470Z] SessionManagerReqHand - _postNewSessionCommand - New Session Created: 3f56c1a0-dc1e-11e8-8957-55c7335ea83c
[INFO  - 2018-10-30T08:32:55.349Z] GhostDriver - Main - running on port 10634
[INFO  - 2018-10-30T08:32:55.664Z] Session [66337ca0-dc1e-11e8-9bf7-a908bdc43229] - page.settings - {"XSSAuditingEnabled":true,"javascriptCanCloseWindows":true,"javascriptCanOpenWindows":true,"javascriptEnabled":true,"loadImages":false,"localToRemoteUrlAccessEnabled":true,"userAgent":"Mozilla/5.0 (Windows NT 6.2; WOW64) AppleWebKit/538.1 (KHTML, like Gecko) PhantomJS/2.1.1 Safari/538.1","webSecurityEnabled":false}
[INFO  - 2018-10-30T08:32:55.665Z] Session [66337ca0-dc1e-11e8-9bf7-a908bdc43229] - page.customHeaders:  - {}
[INFO  - 2018-10-30T08:32:55.665Z] Session [66337ca0-dc1e-11e8-9bf7-a908bdc43229] - Session.negotiatedCapabilities - {"browserName":"phantomjs","version":"2.1.1","driverName":"ghostdriver","driverVersion":"1.2.0","platform":"windows-10-32bit","javascriptEnabled":true,"takesScreenshot":true,"handlesAlerts":false,"databaseEnabled":false,"locationContextEnabled":false,"applicationCacheEnabled":false,"browserConnectionEnabled":false,"cssSelectorsEnabled":true,"webStorageEnabled":false,"rotatable":false,"acceptSslCerts":false,"nativeEvents":true,"proxy":{"proxyType":"direct"},"phantomjs.page.settings.XSSAuditingEnabled":true,"phantomjs.page.settings.webSecurityEnabled":false,"phantomjs.page.settings.localToRemoteUrlAccessEnabled":true,"phantomjs.page.settings.loadImages":false}
[INFO  - 2018-10-30T08:32:55.665Z] SessionManagerReqHand - _postNewSessionCommand - New Session Created: 66337ca0-dc1e-11e8-9bf7-a908bdc43229
[INFO  - 2018-10-30T08:33:11.910Z] ShutdownReqHand - _handle - About to shutdown
[INFO  - 2018-10-30T08:35:06.336Z] GhostDriver - Main - running on port 30004
[INFO  - 2018-10-30T08:35:06.800Z] Session [b45cf280-dc1e-11e8-a55e-af7d1be2cff3] - page.settings - {"XSSAuditingEnabled":true,"javascriptCanCloseWindows":true,"javascriptCanOpenWindows":true,"javascriptEnabled":true,"loadImages":false,"localToRemoteUrlAccessEnabled":true,"userAgent":"Mozilla/5.0 (Windows NT 6.2; WOW64) AppleWebKit/538.1 (KHTML, like Gecko) PhantomJS/2.1.1 Safari/538.1","webSecurityEnabled":false}
[INFO  - 2018-10-30T08:35:06.800Z] Session [b45cf280-dc1e-11e8-a55e-af7d1be2cff3] - page.customHeaders:  - {}
[INFO  - 2018-10-30T08:35:06.800Z] Session [b45cf280-dc1e-11e8-a55e-af7d1be2cff3] - Session.negotiatedCapabilities - {"browserName":"phantomjs","version":"2.1.1","driverName":"ghostdriver","driverVersion":"1.2.0","platform":"windows-10-32bit","javascriptEnabled":true,"takesScreenshot":true,"handlesAlerts":false,"databaseEnabled":false,"locationContextEnabled":false,"applicationCacheEnabled":false,"browserConnectionEnabled":false,"cssSelectorsEnabled":true,"webStorageEnabled":false,"rotatable":false,"acceptSslCerts":false,"nativeEvents":true,"proxy":{"proxyType":"direct"},"phantomjs.page.settings.XSSAuditingEnabled":true,"phantomjs.page.settings.webSecurityEnabled":false,"phantomjs.page.settings.localToRemoteUrlAccessEnabled":true,"phantomjs.page.settings.loadImages":false}
[INFO  - 2018-10-30T08:35:06.800Z] SessionManagerReqHand - _postNewSessionCommand - New Session Created: b45cf280-dc1e-11e8-a55e-af7d1be2cff3
[INFO  - 2018-10-30T08:35:29.794Z] ShutdownReqHand - _handle - About to shutdown
[ERROR - 2018-10-30T08:38:56.583Z] GhostDriver - main.fail - {"line":85,"sourceURL":"phantomjs://code/main.js","stack":"global code@phantomjs://code/main.js:85:56"}
[INFO  - 2018-10-30T08:39:51.811Z] GhostDriver - Main - running on port 27597
[INFO  - 2018-10-30T08:39:52.090Z] Session [5e690d40-dc1f-11e8-8b96-89022fd62132] - page.settings - {"XSSAuditingEnabled":true,"javascriptCanCloseWindows":true,"javascriptCanOpenWindows":true,"javascriptEnabled":true,"loadImages":false,"localToRemoteUrlAccessEnabled":true,"userAgent":"Mozilla/5.0 (Windows NT 6.2; WOW64) AppleWebKit/538.1 (KHTML, like Gecko) PhantomJS/2.1.1 Safari/538.1","webSecurityEnabled":false}
[INFO  - 2018-10-30T08:39:52.090Z] Session [5e690d40-dc1f-11e8-8b96-89022fd62132] - page.customHeaders:  - {}
[INFO  - 2018-10-30T08:39:52.091Z] Session [5e690d40-dc1f-11e8-8b96-89022fd62132] - Session.negotiatedCapabilities - {"browserName":"phantomjs","version":"2.1.1","driverName":"ghostdriver","driverVersion":"1.2.0","platform":"windows-10-32bit","javascriptEnabled":true,"takesScreenshot":true,"handlesAlerts":false,"databaseEnabled":false,"locationContextEnabled":false,"applicationCacheEnabled":false,"browserConnectionEnabled":false,"cssSelectorsEnabled":true,"webStorageEnabled":false,"rotatable":false,"acceptSslCerts":false,"nativeEvents":true,"proxy":{"proxyType":"direct"},"phantomjs.page.settings.XSSAuditingEnabled":true,"phantomjs.page.settings.webSecurityEnabled":false,"phantomjs.page.settings.localToRemoteUrlAccessEnabled":true,"phantomjs.page.settings.loadImages":false}
[INFO  - 2018-10-30T08:39:52.091Z] SessionManagerReqHand - _postNewSessionCommand - New Session Created: 5e690d40-dc1f-11e8-8b96-89022fd62132
[INFO  - 2018-10-30T08:40:11.991Z] ShutdownReqHand - _handle - About to shutdown
[INFO  - 2018-10-30T08:41:48.382Z] GhostDriver - Main - running on port 51816
[INFO  - 2018-10-30T08:41:49.601Z] Session [a4735980-dc1f-11e8-bedd-550292604b38] - page.settings - {"XSSAuditingEnabled":true,"javascriptCanCloseWindows":true,"javascriptCanOpenWindows":true,"javascriptEnabled":true,"loadImages":false,"localToRemoteUrlAccessEnabled":true,"userAgent":"Mozilla/5.0 (Windows NT 6.2; WOW64) AppleWebKit/538.1 (KHTML, like Gecko) PhantomJS/2.1.1 Safari/538.1","webSecurityEnabled":false}
[INFO  - 2018-10-30T08:41:49.601Z] Session [a4735980-dc1f-11e8-bedd-550292604b38] - page.customHeaders:  - {}
[INFO  - 2018-10-30T08:41:49.602Z] Session [a4735980-dc1f-11e8-bedd-550292604b38] - Session.negotiatedCapabilities - {"browserName":"phantomjs","version":"2.1.1","driverName":"ghostdriver","driverVersion":"1.2.0","platform":"windows-10-32bit","javascriptEnabled":true,"takesScreenshot":true,"handlesAlerts":false,"databaseEnabled":false,"locationContextEnabled":false,"applicationCacheEnabled":false,"browserConnectionEnabled":false,"cssSelectorsEnabled":true,"webStorageEnabled":false,"rotatable":false,"acceptSslCerts":false,"nativeEvents":true,"proxy":{"proxyType":"direct"},"phantomjs.page.settings.XSSAuditingEnabled":true,"phantomjs.page.settings.webSecurityEnabled":false,"phantomjs.page.settings.localToRemoteUrlAccessEnabled":true,"phantomjs.page.settings.loadImages":false}
[INFO  - 2018-10-30T08:41:49.602Z] SessionManagerReqHand - _postNewSessionCommand - New Session Created: a4735980-dc1f-11e8-bedd-550292604b38
[INFO  - 2018-10-30T08:42:14.969Z] ShutdownReqHand - _handle - About to shutdown
[INFO  - 2018-10-30T08:43:24.723Z] GhostDriver - Main - running on port 50904
[INFO  - 2018-10-30T08:43:25.172Z] Session [dd6a53b0-dc1f-11e8-9e52-e5223ddfc5ef] - page.settings - {"XSSAuditingEnabled":true,"javascriptCanCloseWindows":true,"javascriptCanOpenWindows":true,"javascriptEnabled":true,"loadImages":false,"localToRemoteUrlAccessEnabled":true,"userAgent":"Mozilla/5.0 (Windows NT 6.2; WOW64) AppleWebKit/538.1 (KHTML, like Gecko) PhantomJS/2.1.1 Safari/538.1","webSecurityEnabled":false}
[INFO  - 2018-10-30T08:43:25.172Z] Session [dd6a53b0-dc1f-11e8-9e52-e5223ddfc5ef] - page.customHeaders:  - {}
[INFO  - 2018-10-30T08:43:25.173Z] Session [dd6a53b0-dc1f-11e8-9e52-e5223ddfc5ef] - Session.negotiatedCapabilities - {"browserName":"phantomjs","version":"2.1.1","driverName":"ghostdriver","driverVersion":"1.2.0","platform":"windows-10-32bit","javascriptEnabled":true,"takesScreenshot":true,"handlesAlerts":false,"databaseEnabled":false,"locationContextEnabled":false,"applicationCacheEnabled":false,"browserConnectionEnabled":false,"cssSelectorsEnabled":true,"webStorageEnabled":false,"rotatable":false,"acceptSslCerts":false,"nativeEvents":true,"proxy":{"proxyType":"direct"},"phantomjs.page.settings.XSSAuditingEnabled":true,"phantomjs.page.settings.webSecurityEnabled":false,"phantomjs.page.settings.localToRemoteUrlAccessEnabled":true,"phantomjs.page.settings.loadImages":false}
[INFO  - 2018-10-30T08:43:25.173Z] SessionManagerReqHand - _postNewSessionCommand - New Session Created: dd6a53b0-dc1f-11e8-9e52-e5223ddfc5ef
[INFO  - 2018-10-30T08:43:49.947Z] ShutdownReqHand - _handle - About to shutdown
